2026-01-04 06:11:38,https://kakaxi-1.asia/LOGO/Disclaimer.mp4
CCTV4欧洲,http://hlsztemgsplive.miguvideo.com:8080/migu/kailu/20200324/cctv4ouhd/50/index.m3u8?msisdn=202601040402281ba75af175ec492ab114199963c805c1&mdspid=&spid=699004&netType=0&sid=2200179315&pid=2028597139&timestamp=20260104040228&Channel_ID=0116_2600037000-99000-200300220100002&ProgramID=608807419&ParentNodeID=-99&assertID=2200179315&client_ip=218.28.233.106&SecurityKey=20260104040228&promotionId=&mvid=2200179315&mcid=500020&playurlVersion=WX-A1-8.12.2-RELEASE&userid=&jmhm=&videocodec=h264&appCode=miguvideo_android&bean=mgspad&tid=android&conFee=0&encrypt=8876d3673bad64feb723a0a425eeccdc&sv=10004&ct=android
CCTV4美洲,http://hlsztemgsplive.miguvideo.com:8080/migu/kailu/20200324/cctv4meihd/50/index.m3u8?msisdn=20260104040229dd022689c7fe4763aea3ea41a96db744&mdspid=&spid=699004&netType=0&sid=2200179344&pid=2028597139&timestamp=20260104040229&Channel_ID=0116_2600037000-99000-200300220100002&ProgramID=608807416&ParentNodeID=-99&assertID=2200179344&client_ip=218.28.233.106&SecurityKey=20260104040229&promotionId=&mvid=2200179344&mcid=500020&playurlVersion=WX-A1-8.12.2-RELEASE&userid=&jmhm=&videocodec=h264&appCode=miguvideo_android&bean=mgspad&tid=android&conFee=0&encrypt=5400ff6655d00c6a6f86d52553cc7bda&sv=10004&ct=android
老故事,http://hlsztemgsplive.miguvideo.com:8080/migu/kailu/cctvlaogushi/50/20231109/index.m3u8?msisdn=2026010404022976a36c75b0314c2d87663586fcb9cd51&mdspid=&spid=699004&netType=0&sid=5910022002&pid=2028597139&timestamp=20260104040229&Channel_ID=0116_2600037000-99000-200300220100002&ProgramID=884121956&ParentNodeID=-99&assertID=5910022002&client_ip=218.28.233.106&SecurityKey=20260104040229&promotionId=&mvid=5900006372&mcid=500020&playurlVersion=WX-A1-8.12.2-RELEASE&userid=&jmhm=&videocodec=h264&appCode=miguvideo_android&bean=mgspad&tid=android&conFee=0&encrypt=2f7a6f377e008f03d85c3d68695e2d34&sv=10004&ct=android
中学生,http://hlsztemgsplive.miguvideo.com:8080/migu/kailu/20210415/cctvzhongxuesheng/50/index.m3u8?msisdn=20260104040230aecc33547d324c43881dd33903cb3481&mdspid=&spid=699004&netType=0&sid=5910019355&pid=2028597139&timestamp=20260104040230&Channel_ID=0116_2600037000-99000-200300220100002&ProgramID=708869532&ParentNodeID=-99&assertID=5910019355&client_ip=218.28.233.106&SecurityKey=20260104040230&promotionId=&mvid=5900002149&mcid=500020&playurlVersion=WX-A1-8.12.2-RELEASE&userid=&jmhm=&videocodec=h264&appCode=miguvideo_android&bean=mgspad&tid=android&conFee=0&encrypt=ee26a54936a820ba39ecadf3d0afbaa9&sv=10004&ct=android
发现之旅,http://hlsztemgsplive.miguvideo.com:8080/wd_r3/cnr/faxianzhilv/1000/index.m3u8?msisdn=202601040402305f3eb156770a4ff8a2371045a15d81f9&mdspid=&spid=699004&netType=0&sid=5500212893&pid=2028597139&timestamp=20260104040230&Channel_ID=0116_2600037000-99000-200300220100002&ProgramID=624878970&ParentNodeID=-99&assertID=5500212893&client_ip=218.28.233.106&SecurityKey=20260104040230&promotionId=&mvid=5100001701&mcid=500020&playurlVersion=WX-A1-8.12.2-RELEASE&userid=&jmhm=&videocodec=h264&appCode=miguvideo_android&bean=mgspad&tid=android&conFee=0&encrypt=90947a6817659a16888eed7d4fdab26a&sv=10004&ct=android
兵团卫视,http://hlsztemgsplive.miguvideo.com:8080/migu/kailu/btws/50/20250804/index.m3u8?msisdn=20260104040233a9a43304132445f384ef9dc088943ed5&mdspid=&spid=600697&netType=0&sid=5910022192&pid=2028597139&timestamp=20260104040233&Channel_ID=0116_2600037000-99000-200300220100002&ProgramID=956923145&ParentNodeID=-99&assertID=5910022192&client_ip=218.28.233.106&SecurityKey=20260104040233&promotionId=&mvid=5900006716&mcid=500020&playurlVersion=WX-A1-8.12.2-RELEASE&userid=&jmhm=&videocodec=h264&appCode=miguvideo_android&bean=mgspad&tid=android&conFee=0&encrypt=846dda26126cb47f5cc37342b83fd7f6&sv=10004&ct=android
兵团卫视,https://iptv.catvod.com/live.php?id=%E5%85%B5%E5%9B%A2%E5%8D%AB%E8%A7%86
山东教育卫视,http://hlsztemgsplive.miguvideo.com:8080/migu/kailu/sdjyws/50/20250915/index.m3u8?msisdn=20260104040238eb36dd7346a24b2b8afc6913cabeef2f&mdspid=&spid=600697&netType=0&sid=5910022199&pid=2028597139&timestamp=20260104040238&Channel_ID=0116_2600037000-99000-200300220100002&ProgramID=609154353&ParentNodeID=-99&assertID=5910022199&client_ip=218.28.233.106&SecurityKey=20260104040238&promotionId=&mvid=2200208305&mcid=500020&playurlVersion=WX-A1-8.12.2-RELEASE&userid=&jmhm=&videocodec=h264&appCode=miguvideo_android&bean=mgspad&tid=android&conFee=0&encrypt=a0a7b2d617b91af399592c434d207927&sv=10004&ct=android
中国教育1台,http://hlsztemgsplive.miguvideo.com:8080/migu/kailu/cetv1/50/20240709/index.m3u8?msisdn=202601040402388dc7e48796434ab5bafbb2118bc77998&mdspid=&spid=699004&netType=0&sid=5910022150&pid=2028597139&timestamp=20260104040238&Channel_ID=0116_2600037000-99000-200300220100002&ProgramID=923287154&ParentNodeID=-99&assertID=5910022150&client_ip=218.28.233.106&SecurityKey=20260104040238&promotionId=&mvid=5900006636&mcid=500020&playurlVersion=WX-A1-8.12.2-RELEASE&userid=&jmhm=&videocodec=h264&appCode=miguvideo_android&bean=mgspad&tid=android&conFee=0&encrypt=2ba2f4a37cb956ec19d125f8b8f69099&sv=10004&ct=android
中国教育2台,http://hlsztemgsplive.miguvideo.com:8080/migu/kailu/cetv2/50/20240709/index.m3u8?msisdn=2026010404023857be179ea9e244a0afddeae5a416feea&mdspid=&spid=699004&netType=0&sid=5910022152&pid=2028597139&timestamp=20260104040238&Channel_ID=0116_2600037000-99000-200300220100002&ProgramID=923287211&ParentNodeID=-99&assertID=5910022152&client_ip=218.28.233.106&SecurityKey=20260104040238&promotionId=&mvid=5900006638&mcid=500020&playurlVersion=WX-A1-8.12.2-RELEASE&userid=&jmhm=&videocodec=h264&appCode=miguvideo_android&bean=mgspad&tid=android&conFee=0&encrypt=ed9df3710f996ea737bf5cd1dc7cf1c6&sv=10004&ct=android
中国教育4台,http://hlsztemgsplive.miguvideo.com:8080/migu/kailu/cetv4/50/20240709/index.m3u8?msisdn=2026010404023869bec791fc674196816eb1bc787fc3eb&mdspid=&spid=699004&netType=0&sid=5910022154&pid=2028597139&timestamp=20260104040238&Channel_ID=0116_2600037000-99000-200300220100002&ProgramID=923287339&ParentNodeID=-99&assertID=5910022154&client_ip=218.28.233.106&SecurityKey=20260104040238&promotionId=&mvid=5900006640&mcid=500020&playurlVersion=WX-A1-8.12.2-RELEASE&userid=&jmhm=&videocodec=h264&appCode=miguvideo_android&bean=mgspad&tid=android&conFee=0&encrypt=33345ca27cf18769f8149608dae56d16&sv=10004&ct=android
经典香港电影,http://hlsztemgsplive.miguvideo.com:8080/wd_r2/virtuallive/5100180869/75/index.m3u8?msisdn=20260104040237a1e630005c674bafb815953d4f492e20&mdspid=&spid=800033&netType=0&sid=5500242089&pid=2028597139&timestamp=20260104040237&Channel_ID=0116_2600037000-99000-200300220100002&ProgramID=625703337&ParentNodeID=-99&assertID=5500242089&client_ip=218.28.233.106&SecurityKey=20260104040237&promotionId=&mvid=5100180869&mcid=500020&playurlVersion=WX-A1-8.12.2-RELEASE&userid=&jmhm=&videocodec=h264&appCode=miguvideo_android&bean=mgspad&tid=android&conFee=0&encrypt=a4b5af0008aa50d691f118e03fb9ee65&sv=10004&ct=android
抗战经典影片,http://hlsztemgsplive.miguvideo.com:8080/wd-virtuallive5100002089-75/index.m3u8?msisdn=202601040402370c0ab6e024ff4b53a42d4ac5c51bbb5f&mdspid=&spid=800033&netType=0&sid=5500002717&pid=2028597139&timestamp=20260104040237&Channel_ID=0116_2600037000-99000-200300220100002&ProgramID=617432318&ParentNodeID=-99&assertID=5500002717&client_ip=218.28.233.106&SecurityKey=20260104040237&promotionId=&mvid=5100002089&mcid=500020&playurlVersion=WX-A1-8.12.2-RELEASE&userid=&jmhm=&videocodec=h264&appCode=miguvideo_android&bean=mgspad&tid=android&conFee=0&encrypt=3d2c2d4043438f60b8716c4a2c77be19&sv=10004&ct=android
星空卫视,http://39.107.120.164:8080/live/diyp_xingkong.flv
CHANNEL[V],http://39.107.120.164:8080/live/diyp_channelv.flv
凤凰卫视中文台,http://43.152.143.193:80/1.v.smtcdns.net/tvlive.fengshows.cn/live/0701pcc72.flv
凤凰卫视中文台,http://iptv.4666888.xyz/iptv2A.php?id=60
凤凰卫视香港台,http://43.152.143.193:80/1.v.smtcdns.net/tvlive.fengshows.cn/live/0701phk72.flv
凤凰卫视香港台,http://iptv.4666888.xyz/iptv2A.php?id=62
凤凰卫视香港台,http://tv.trexiptv.com:80/play/live.php?mac=00:1A:79:32:C6:2F&stream=153402&extension=ts&play_token=v43osRykOm
凤凰卫视香港台,http://tv.greatstar.me:80/play/live.php?mac=00:1A:79:E5:D4:63&stream=153402&extension=ts&play_token=vBulb9w1pg
凤凰卫视香港台,http://mag.greatott.me:80/play/live.php?mac=00:1A:79:11:ED:45&stream=153402&extension=ts&play_token=Va2HtR9jUD
凤凰卫视电影台,http://39.107.120.164:8080/live/diyp_fhdy.flv
快乐垂钓,http://hlsztemgsplive.miguvideo.com:8080/migu/kailu/ydcmklcd/50/20251225/index.m3u8?msisdn=202601040402312a50fb50d0064cedbc44abba965c03db&mdspid=&spid=600603&netType=0&sid=5910022317&pid=2028597139&timestamp=20260104040231&Channel_ID=0116_2600037000-99000-200300220100002&ProgramID=961930263&ParentNodeID=-99&assertID=5910022317&client_ip=218.28.233.106&SecurityKey=20260104040231&promotionId=&mvid=5900006783&mcid=500020&playurlVersion=WX-A1-8.12.2-RELEASE&userid=&jmhm=&videocodec=h264&appCode=miguvideo_android&bean=mgspad&tid=android&conFee=0&encrypt=a0a09c7502eed97ca72a0eb2d9db96eb&sv=10004&ct=android
四海钓鱼,http://hlsztemgsplive.miguvideo.com:8080/wd_r4/peoplecn/shdiaoyu/600/index.m3u8?msisdn=20260104040230b8b49f2b5222439e9c7c03d2ab1bfb89&mdspid=&spid=600697&netType=0&sid=5910022184&pid=2028597139&timestamp=20260104040230&Channel_ID=0116_2600037000-99000-200300220100002&ProgramID=637444975&ParentNodeID=-99&assertID=5910022184&client_ip=218.28.233.106&SecurityKey=20260104040230&promotionId=&mvid=5100132656&mcid=500020&playurlVersion=WX-A1-8.12.2-RELEASE&userid=&jmhm=&videocodec=h264&appCode=miguvideo_android&bean=mgspad&tid=android&conFee=0&encrypt=7ab5c5a41727876e7e7b0db49d35c019&sv=10004&ct=android
优漫卡通,http://hlsztemgsplive.miguvideo.com:8080/wd_r2/jstv/ymkt/600/index.m3u8?msisdn=20260104040235edc2cee4d7984d98be851117b1f7b8ed&mdspid=&spid=699067&netType=0&sid=5500260553&pid=2028597139&timestamp=20260104040235&Channel_ID=0116_2600037000-99000-200300220100002&ProgramID=626064703&ParentNodeID=-99&assertID=5500260553&client_ip=218.28.233.106&SecurityKey=20260104040235&promotionId=&mvid=5100186455&mcid=500020&playurlVersion=WX-A1-8.12.2-RELEASE&userid=&jmhm=&videocodec=h264&appCode=miguvideo_android&bean=mgspad&tid=android&conFee=0&encrypt=d92a7928092bb27d5f581e0564d9f121&sv=10004&ct=android
嘉佳卡通,http://hlsztemgsplive.miguvideo.com:8080/wd_r1/2018/nfmedia/jjkt/1000/index.m3u8?msisdn=20260104040240e281cbb5529042ceac14ecf319884cc5&mdspid=&spid=699054&netType=0&sid=2206172388&pid=2028597139&timestamp=20260104040240&Channel_ID=0116_2600037000-99000-200300220100002&ProgramID=614952364&ParentNodeID=-99&assertID=2206172388&client_ip=218.28.233.106&SecurityKey=20260104040240&promotionId=&mvid=2206172388&mcid=500020&playurlVersion=WX-A1-8.12.2-RELEASE&userid=&jmhm=&videocodec=h264&appCode=miguvideo_android&bean=mgspad&tid=android&conFee=0&encrypt=2125c43eea530396c0a9dcf7a81ca213&sv=10004&ct=android
中国天气,http://hlsztemgsplive.miguvideo.com:8080/migu/kailu/zgtq/50/20251103/index.m3u8?msisdn=202601040402385cf9f3f641a24cde9d8081c90931fe94&mdspid=&spid=600697&netType=0&sid=5910022296&pid=2028597139&timestamp=20260104040238&Channel_ID=0116_2600037000-99000-200300220100002&ProgramID=959986621&ParentNodeID=-99&assertID=5910022296&client_ip=218.28.233.106&SecurityKey=20260104040238&promotionId=&mvid=5900006772&mcid=500020&playurlVersion=WX-A1-8.12.2-RELEASE&userid=&jmhm=&videocodec=h264&appCode=miguvideo_android&bean=mgspad&tid=android&conFee=0&encrypt=38f515ae9929839f8d96f02ff62198ea&sv=10004&ct=android
台視,http://breezy-audrie-zspace-7524863c.koyeb.app/vipsir?token=leifeng&id=4gtv-4gtv066
台視,https://pxuchylhjchl.us-east-1.clawcloudrun.com/index.m3u8?pid=4gtv-4gtv066&sd=1080&proxy=false
台視,https://edgeone.passwdword.xyz/ofiii.php?token=passwd&id=4gtv-4gtv066
台視,https://tmxk.pp.ua/litv.php?token=tmxk&id=4gtv-4gtv066
台視,http://xtvantsc.xyz/litv_ts.php?id=4gtv-4gtv066
中視,https://4gtv.dxjc.pp.ua/4gtv-4gtv040/index.m3u8
中視,http://tw-ty-line-11-1-5.sudatech.store:20319/4gtv-4gtv040/index.m3u8?proxy=true
中視,http://tw-ty-line-11-1-5.sudatech.store:20319/of-4gtv-4gtv040/index.m3u8?proxy=true
中視,https://mao.ffmking888.dpdns.org/?id=5Lit6KaW&auth=30234cedf871581989d3c91a3daec1e9f50e024aafcfa2247e7d44d91bb8d02fbc3f571b2d67f9d82642cc1d0f133d89
中視,https://pxuchylhjchl.us-east-1.clawcloudrun.com/index.m3u8?pid=4gtv-4gtv040&sd=1080&proxy=false
中視,https://4gtv.dxjc.pp.ua/of-4gtv-4gtv040/index.m3u8
中視,https://4gtv.dxjc.pp.ua/li-4gtv-4gtv040/index.m3u8
中視,http://breezy-audrie-zspace-7524863c.koyeb.app/vipsir?token=leifeng&id=4gtv-4gtv040
中視,http://tw-ty-line-11-1-5.sudatech.store:20319/li-4gtv-4gtv040/index.m3u8?proxy=true
中視,http://xtvantsc.xyz/litv_ts.php?id=4gtv-4gtv040
中視,https://tmxk.pp.ua/litv.php?token=tmxk&id=4gtv-4gtv040
中視,https://edgeone.passwdword.xyz/ofiii.php?token=passwd&id=4gtv-4gtv040
華視,https://4gtv.dxjc.pp.ua/li-4gtv-4gtv041/index.m3u8
華視,https://pxuchylhjchl.us-east-1.clawcloudrun.com/index.m3u8?pid=4gtv-4gtv041&sd=1080&proxy=false
華視,http://tw-ty-line-11-1-5.sudatech.store:20319/li-4gtv-4gtv041/index.m3u8?proxy=true
華視,https://4gtv.dxjc.pp.ua/4gtv-4gtv041/index.m3u8
華視,https://4gtv.dxjc.pp.ua/of-4gtv-4gtv041/index.m3u8
華視,http://breezy-audrie-zspace-7524863c.koyeb.app/vipsir?token=leifeng&id=4gtv-4gtv041
華視,http://tw-ty-line-11-1-5.sudatech.store:20319/of-4gtv-4gtv041/index.m3u8?proxy=true
華視,https://mao.ffmking888.dpdns.org/?id=6Iav6KaW&auth=30234cedf871581989d3c91a3daec1e9f50e024aafcfa2247e7d44d91bb8d02fbc3f571b2d67f9d82642cc1d0f133d89
華視,http://tw-ty-line-11-1-5.sudatech.store:20319/4gtv-4gtv041/index.m3u8?proxy=true
華視,https://edgeone.passwdword.xyz/ofiii.php?token=passwd&id=4gtv-4gtv041
華視,http://xtvantsc.xyz/litv_ts.php?id=4gtv-4gtv041
華視,https://tmxk.pp.ua/litv.php?token=tmxk&id=4gtv-4gtv041
民視,https://mao.ffmking888.dpdns.org/?id=5rCR6KaW&auth=30234cedf871581989d3c91a3daec1e9f50e024aafcfa2247e7d44d91bb8d02fbc3f571b2d67f9d82642cc1d0f133d89
民視,http://breezy-audrie-zspace-7524863c.koyeb.app/vipsir?token=leifeng&id=4gtv-4gtv155
民視,http://breezy-audrie-zspace-7524863c.koyeb.app/vipsir?token=leifeng&id=4gtv-4gtv002
民視,http://xtvantsc.xyz/litv_ts.php?id=4gtv-4gtv002
民視,http://xtvantsc.xyz/litv_ts.php?id=4gtv-4gtv155
民視,https://tmxk.pp.ua/litv.php?token=tmxk&id=4gtv-4gtv002
民視,https://tmxk.pp.ua/litv.php?token=tmxk&id=4gtv-4gtv155
TVBS精采台,http://tw-ty-line-11-1-5.sudatech.store:20319/4gtv-4gtv067/index.m3u8?proxy=true
TVBS精采台,https://4gtv.dxjc.pp.ua/li-4gtv-4gtv067/index.m3u8
TVBS精采台,http://breezy-audrie-zspace-7524863c.koyeb.app/vipsir?token=leifeng&id=4gtv-4gtv067
TVBS精采台,https://mao.ffmking888.dpdns.org/?id=VFZCUaeyvumHhaWPsAxx&auth=30234cedf871581989d3c91a3daec1e9f50e024aafcfa2247e7d44d91bb8d02fbc3f571b2d67f9d82642cc1d0f133d89
TVBS精采台,http://tw-ty-line-11-1-5.sudatech.store:20319/li-4gtv-4gtv067/index.m3u8?proxy=true
TVBS精采台,https://4gtv.dxjc.pp.ua/4gtv-4gtv067/index.m3u8
TVBS精采台,https://tmxk.pp.ua/litv.php?token=tmxk&id=4gtv-4gtv067
TVBS精采台,http://xtvantsc.xyz/litv_ts.php?id=4gtv-4gtv067
TVBS歡樂台,http://tw-ty-line-11-1-5.sudatech.store:20319/li-4gtv-4gtv068/index.m3u8?proxy=true
TVBS歡樂台,http://tw-ty-line-11-1-5.sudatech.store:20319/4gtv-4gtv068/index.m3u8?proxy=true
TVBS歡樂台,https://4gtv.dxjc.pp.ua/4gtv-4gtv068/index.m3u8
TVBS歡樂台,http://breezy-audrie-zspace-7524863c.koyeb.app/vipsir?token=leifeng&id=4gtv-4gtv068
TVBS歡樂台,https://mao.ffmking888.dpdns.org/?id=VFZCUaatoeaoguWPsAxx&auth=30234cedf871581989d3c91a3daec1e9f50e024aafcfa2247e7d44d91bb8d02fbc3f571b2d67f9d82642cc1d0f133d89
TVBS歡樂台,https://4gtv.dxjc.pp.ua/li-4gtv-4gtv068/index.m3u8
TVBS歡樂台,https://tmxk.pp.ua/litv.php?token=tmxk&id=4gtv-4gtv068
TVBS歡樂台,http://xtvantsc.xyz/litv_ts.php?id=4gtv-4gtv068
TVBS新聞台,http://tw-ty-line-11-1-5.sudatech.store:20319/li-4gtv-4gtv072/index.m3u8?proxy=true
TVBS新聞台,https://mao.ffmking888.dpdns.org/?id=VFZCUaaWsOiBngxx&auth=30234cedf871581989d3c91a3daec1e9f50e024aafcfa2247e7d44d91bb8d02fbc3f571b2d67f9d82642cc1d0f133d89
TVBS新聞台,http://breezy-audrie-zspace-7524863c.koyeb.app/vipsir?token=leifeng&id=4gtv-4gtv072
TVBS新聞台,https://4gtv.dxjc.pp.ua/li-4gtv-4gtv072/index.m3u8
TVBS新聞台,http://xtvantsc.xyz/litv_ts.php?id=4gtv-4gtv072
TVBS新聞台,https://tmxk.pp.ua/litv.php?token=tmxk&id=4gtv-4gtv072
TVBS台劇台,https://4gtv.dxjc.pp.ua/4gtv-live088/index.m3u8
TVBS台劇台,http://tw-ty-line-11-1-5.sudatech.store:20319/4gtv-live088/index.m3u8?proxy=true
TVBS台劇台,https://mao.ffmking888.dpdns.org/?id=VFZCUaWPsOWKhaWPsAxx&auth=30234cedf871581989d3c91a3daec1e9f50e024aafcfa2247e7d44d91bb8d02fbc3f571b2d67f9d82642cc1d0f133d89
TVBS綜藝台,https://4gtv.dxjc.pp.ua/4gtv-live087/index.m3u8
TVBS綜藝台,https://mao.ffmking888.dpdns.org/?id=VFZCUae2nOiXneWPsAxx&auth=30234cedf871581989d3c91a3daec1e9f50e024aafcfa2247e7d44d91bb8d02fbc3f571b2d67f9d82642cc1d0f133d89
TVBS綜藝台,http://tw-ty-line-11-1-5.sudatech.store:20319/4gtv-live087/index.m3u8?proxy=true
民視新聞台,https://mao.ffmking888.dpdns.org/?id=5rCR6KaW5paw6IGe5Yaw&auth=30234cedf871581989d3c91a3daec1e9f50e024aafcfa2247e7d44d91bb8d02fbc3f571b2d67f9d82642cc1d0f133d89
民視新聞台,http://breezy-audrie-zspace-7524863c.koyeb.app/vipsir?token=leifeng&id=litv-ftv13
民視新聞台,http://xtvantsc.xyz/litv_ts.php?id=litv-ftv13
民視新聞台,https://tmxk.pp.ua/litv.php?token=tmxk&id=litv-ftv13
民視台灣台,https://4gtv.dxjc.pp.ua/li-4gtv-4gtv001/index.m3u8
民視台灣台,http://breezy-audrie-zspace-7524863c.koyeb.app/vipsir?token=leifeng&id=4gtv-4gtv001
民視台灣台,http://tw-ty-line-11-1-5.sudatech.store:20319/4gtv-4gtv001/index.m3u8?proxy=true
民視台灣台,https://4gtv.dxjc.pp.ua/4gtv-4gtv001/index.m3u8
民視台灣台,https://mao.ffmking888.dpdns.org/?id=5rCR6KaW5Yaw54Gj5Yaw&auth=30234cedf871581989d3c91a3daec1e9f50e024aafcfa2247e7d44d91bb8d02fbc3f571b2d67f9d82642cc1d0f133d89
民視台灣台,http://tw-ty-line-11-1-5.sudatech.store:20319/li-4gtv-4gtv001/index.m3u8?proxy=true
民視台灣台,https://tmxk.pp.ua/litv.php?token=tmxk&id=4gtv-4gtv001
民視台灣台,http://xtvantsc.xyz/litv_ts.php?id=4gtv-4gtv001
民視第一台,http://tw-ty-line-11-1-5.sudatech.store:20319/4gtv-4gtv003/index.m3u8?proxy=true
民視第一台,https://4gtv.dxjc.pp.ua/4gtv-4gtv003/index.m3u8
民視第一台,https://4gtv.dxjc.pp.ua/li-4gtv-4gtv003/index.m3u8
民視第一台,http://breezy-audrie-zspace-7524863c.koyeb.app/vipsir?token=leifeng&id=4gtv-4gtv003
民視第一台,https://mao.ffmking888.dpdns.org/?id=5rCR6KaW56ys5LiA5Yaw&auth=30234cedf871581989d3c91a3daec1e9f50e024aafcfa2247e7d44d91bb8d02fbc3f571b2d67f9d82642cc1d0f133d89
民視第一台,http://tw-ty-line-11-1-5.sudatech.store:20319/li-4gtv-4gtv003/index.m3u8?proxy=true
民視第一台,http://xtvantsc.xyz/litv_ts.php?id=4gtv-4gtv003
民視第一台,https://tmxk.pp.ua/litv.php?token=tmxk&id=4gtv-4gtv003
民視旅遊台,https://mao.ffmking888.dpdns.org/?id=5rCR6KaW5peF6YGK5Yaw&auth=30234cedf871581989d3c91a3daec1e9f50e024aafcfa2247e7d44d91bb8d02fbc3f571b2d67f9d82642cc1d0f133d89
民視旅遊台,http://breezy-audrie-zspace-7524863c.koyeb.app/vipsir?token=leifeng&id=litv-ftv07
民視旅遊台,https://tmxk.pp.ua/litv.php?token=tmxk&id=litv-ftv07
民視旅遊台,http://xtvantsc.xyz/litv_ts.php?id=litv-ftv07
民視綜藝台,https://mao.ffmking888.dpdns.org/?id=5rCR6KaW57ac6Jed5Yaw&auth=30234cedf871581989d3c91a3daec1e9f50e024aafcfa2247e7d44d91bb8d02fbc3f571b2d67f9d82642cc1d0f133d89
民視綜藝台,http://breezy-audrie-zspace-7524863c.koyeb.app/vipsir?token=leifeng&id=4gtv-4gtv004
民視綜藝台,http://xtvantsc.xyz/litv_ts.php?id=4gtv-4gtv004
民視綜藝台,https://tmxk.pp.ua/litv.php?token=tmxk&id=4gtv-4gtv004
民視影劇台,https://mao.ffmking888.dpdns.org/?id=5rCR6KaW5b2x5YqH5Yaw&auth=30234cedf871581989d3c91a3daec1e9f50e024aafcfa2247e7d44d91bb8d02fbc3f571b2d67f9d82642cc1d0f133d89
民視影劇台,http://breezy-audrie-zspace-7524863c.koyeb.app/vipsir?token=leifeng&id=litv-ftv09
民視影劇台,http://xtvantsc.xyz/litv_ts.php?id=litv-ftv09
民視影劇台,https://tmxk.pp.ua/litv.php?token=tmxk&id=litv-ftv09
中視菁采台,https://4gtv.dxjc.pp.ua/4gtv-4gtv064/index.m3u8
中視菁采台,https://mao.ffmking888.dpdns.org/?id=5Lit6KaW6IaB6YeH5Yaw&auth=30234cedf871581989d3c91a3daec1e9f50e024aafcfa2247e7d44d91bb8d02fbc3f571b2d67f9d82642cc1d0f133d89
中視菁采台,https://4gtv.dxjc.pp.ua/li-4gtv-4gtv064/index.m3u8
中視菁采台,http://tw-ty-line-11-1-5.sudatech.store:20319/li-4gtv-4gtv064/index.m3u8?proxy=true
中視菁采台,http://breezy-audrie-zspace-7524863c.koyeb.app/vipsir?token=leifeng&id=4gtv-4gtv064
中視菁采台,http://tw-ty-line-11-1-5.sudatech.store:20319/4gtv-4gtv064/index.m3u8?proxy=true
中視菁采台,http://xtvantsc.xyz/litv_ts.php?id=4gtv-4gtv064
中視菁采台,https://tmxk.pp.ua/litv.php?token=tmxk&id=4gtv-4gtv064
中視經典台,http://tw-ty-line-11-1-5.sudatech.store:20319/li-4gtv-4gtv080/index.m3u8?proxy=true
中視經典台,https://4gtv.dxjc.pp.ua/li-4gtv-4gtv080/index.m3u8
中視經典台,http://tw-ty-line-11-1-5.sudatech.store:20319/4gtv-4gtv080/index.m3u8?proxy=true
中視經典台,http://breezy-audrie-zspace-7524863c.koyeb.app/vipsir?token=leifeng&id=4gtv-4gtv080
中視經典台,https://4gtv.dxjc.pp.ua/4gtv-4gtv080/index.m3u8
中視經典台,https://mao.ffmking888.dpdns.org/?id=5Lit6KaW57aT5YW45Yaw&auth=30234cedf871581989d3c91a3daec1e9f50e024aafcfa2247e7d44d91bb8d02fbc3f571b2d67f9d82642cc1d0f133d89
中視經典台,http://xtvantsc.xyz/litv_ts.php?id=4gtv-4gtv080
中視經典台,https://tmxk.pp.ua/litv.php?token=tmxk&id=4gtv-4gtv080
中視新聞台,https://4gtv.dxjc.pp.ua/li-4gtv-4gtv074/index.m3u8
中視新聞台,http://tw-ty-line-11-1-5.sudatech.store:20319/li-4gtv-4gtv074/index.m3u8?proxy=true
中視新聞台,http://tw-ty-line-11-1-5.sudatech.store:20319/4gtv-4gtv074/index.m3u8?proxy=true
中視新聞台,https://4gtv.dxjc.pp.ua/4gtv-4gtv074/index.m3u8
中視新聞台,http://breezy-audrie-zspace-7524863c.koyeb.app/vipsir?token=leifeng&id=4gtv-4gtv074
中視新聞台,https://4gtv.dxjc.pp.ua/of-4gtv-4gtv074/index.m3u8
中視新聞台,http://tw-ty-line-11-1-5.sudatech.store:20319/of-4gtv-4gtv074/index.m3u8?proxy=true
中天亞洲台,http://tw-ty-line-11-1-5.sudatech.store:20319/4gtv-4gtv109/index.m3u8?proxy=true
中天亞洲台,http://breezy-audrie-zspace-7524863c.koyeb.app/vipsir?token=leifeng&id=4gtv-4gtv109
中天亞洲台,https://4gtv.dxjc.pp.ua/4gtv-4gtv109/index.m3u8
中天亞洲台,http://xtvantsc.xyz/litv_ts.php?id=4gtv-4gtv109
中天亞洲台,https://tmxk.pp.ua/litv.php?token=tmxk&id=4gtv-4gtv109
中天新聞台,http://tw-ty-line-11-1-5.sudatech.store:20319/4gtv-4gtv009/index.m3u8?proxy=true
中天新聞台,https://4gtv.dxjc.pp.ua/4gtv-4gtv009/index.m3u8
中天新聞台,https://4gtv.dxjc.pp.ua/of-4gtv-4gtv009/index.m3u8
中天新聞台,http://tw-ty-line-11-1-5.sudatech.store:20319/of-4gtv-4gtv009/index.m3u?proxy=true
中天新聞台,https://4gtv.dxjc.pp.ua/li-4gtv-4gtv009/index.m3u8
中天新聞台,https://mao.ffmking888.dpdns.org/?id=5Lit5aSp5paw6IGe5Yaw&auth=30234cedf871581989d3c91a3daec1e9f50e024aafcfa2247e7d44d91bb8d02fbc3f571b2d67f9d82642cc1d0f133d89
中天新聞台,http://breezy-audrie-zspace-7524863c.koyeb.app/vipsir?token=leifeng&id=4gtv-4gtv009
中天新聞台,http://tw-ty-line-11-1-5.sudatech.store:20319/li-4gtv-4gtv009/index.m3u8?proxy=true
中天新聞台,https://pxuchylhjchl.us-east-1.clawcloudrun.com/index.m3u8?pid=4gtv-4gtv009&sd=1080&proxy=false
中天新聞台,https://edgeone.passwdword.xyz/ofiii.php?token=passwd&id=4gtv-4gtv009
中天新聞台,http://xtvantsc.xyz/litv_ts.php?id=4gtv-4gtv009
東森新聞台,https://mao.ffmking888.dpdns.org/?id=5p2x5qOu5paw6IGe5Yaw&auth=30234cedf871581989d3c91a3daec1e9f50e024aafcfa2247e7d44d91bb8d02fbc3f571b2d67f9d82642cc1d0f133d89
東森新聞台,http://breezy-audrie-zspace-7524863c.koyeb.app/vipsir?token=leifeng&id=4gtv-4gtv152
東森新聞台,http://xtvantsc.xyz/litv_ts.php?id=4gtv-4gtv152
東森財經新聞台,http://breezy-audrie-zspace-7524863c.koyeb.app/vipsir?token=leifeng&id=4gtv-4gtv153
東森財經新聞台,https://mao.ffmking888.dpdns.org/?id=5p2x5qOu6LKh57aT5paw6IGe5Yaw&auth=30234cedf871581989d3c91a3daec1e9f50e024aafcfa2247e7d44d91bb8d02fbc3f571b2d67f9d82642cc1d0f133d89
東森財經新聞台,http://xtvantsc.xyz/litv_ts.php?id=4gtv-4gtv153
鏡電視新聞台,http://tw-ty-line-11-1-5.sudatech.store:20319/4gtv-4gtv075/index.m3u8?proxy=true
鏡電視新聞台,https://4gtv.dxjc.pp.ua/4gtv-4gtv075/index.m3u8
鏡電視新聞台,https://mao.ffmking888.dpdns.org/?id=6Yah6Zu76KaW5paw6IGe5Yaw&auth=30234cedf871581989d3c91a3daec1e9f50e024aafcfa2247e7d44d91bb8d02fbc3f571b2d67f9d82642cc1d0f133d89
鏡電視新聞台,https://4gtv.dxjc.pp.ua/li-4gtv-4gtv075/index.m3u8
鏡電視新聞台,http://220.134.196.147:8561/http/61.219.99.20:8092/upload/114/MNEWS_TS-1111_1.m3u8
鏡電視新聞台,http://breezy-audrie-zspace-7524863c.koyeb.app/vipsir?token=leifeng&id=4gtv-4gtv075
鏡電視新聞台,http://xtvantsc.xyz/litv_ts.php?id=4gtv-4gtv075
非凡新聞台,http://breezy-audrie-zspace-7524863c.koyeb.app/vipsir?token=leifeng&id=4gtv-4gtv010
非凡新聞台,http://xtvantsc.xyz/litv_ts.php?id=4gtv-4gtv010
台視新聞台,http://breezy-audrie-zspace-7524863c.koyeb.app/vipsir?token=leifeng&id=4gtv-4gtv051
台視新聞台,https://4gtv.dxjc.pp.ua/4gtv-4gtv051/index.m3u8
台視新聞台,https://pxuchylhjchl.us-east-1.clawcloudrun.com/index.m3u8?pid=4gtv-4gtv051&sd=1080&proxy=false
台視新聞台,http://tw-ty-line-11-1-5.sudatech.store:20319/4gtv-4gtv051/index.m3u8?proxy=true
台視新聞台,https://4gtv.dxjc.pp.ua/li-4gtv-4gtv051/index.m3u8
台視新聞台,http://tw-ty-line-11-1-5.sudatech.store:20319/li-4gtv-4gtv051/index.m3u8?proxy=true
台視新聞台,https://edgeone.passwdword.xyz/ofiii.php?token=passwd&id=4gtv-4gtv051
台視新聞台,https://tmxk.pp.ua/litv.php?token=tmxk&id=4gtv-4gtv051
台視新聞台,http://xtvantsc.xyz/litv_ts.php?id=4gtv-4gtv051
華視新聞台,http://tw-ty-line-11-1-5.sudatech.store:20319/4gtv-4gtv052/index.m3u8?proxy=true
華視新聞台,https://4gtv.dxjc.pp.ua/li-4gtv-4gtv052/index.m3u8
華視新聞台,https://4gtv.dxjc.pp.ua/of-4gtv-4gtv052/index.m3u8
華視新聞台,http://breezy-audrie-zspace-7524863c.koyeb.app/vipsir?token=leifeng&id=4gtv-4gtv052
華視新聞台,http://tw-ty-line-11-1-5.sudatech.store:20319/li-4gtv-4gtv052/index.m3u8?proxy=true
華視新聞台,https://mao.ffmking888.dpdns.org/?id=6Iav6KaW5paw6IGe&auth=30234cedf871581989d3c91a3daec1e9f50e024aafcfa2247e7d44d91bb8d02fbc3f571b2d67f9d82642cc1d0f133d89
華視新聞台,https://pxuchylhjchl.us-east-1.clawcloudrun.com/index.m3u8?pid=4gtv-4gtv052&sd=1080&proxy=false
華視新聞台,http://tw-ty-line-11-1-5.sudatech.store:20319/of-4gtv-4gtv052/index.m3u8?proxy=true
華視新聞台,https://4gtv.dxjc.pp.ua/4gtv-4gtv052/index.m3u8
華視新聞台,https://tmxk.pp.ua/litv.php?token=tmxk&id=4gtv-4gtv052
華視新聞台,https://edgeone.passwdword.xyz/ofiii.php?token=passwd&id=4gtv-4gtv052
華視新聞台,http://xtvantsc.xyz/litv_ts.php?id=4gtv-4gtv052
三立綜合台,http://tw-ty-line-11-1-5.sudatech.store:20319/4gtv-live207/index.m3u8?proxy=true
三立綜合台,https://mao.ffmking888.dpdns.org/?id=5LiJ56uL57ac5ZCI5Yaw&auth=30234cedf871581989d3c91a3daec1e9f50e024aafcfa2247e7d44d91bb8d02fbc3f571b2d67f9d82642cc1d0f133d89
寰宇新聞台,https://mao.ffmking888.dpdns.org/?id=5aaw5a6H5paw6IGe5Yaw&auth=30234cedf871581989d3c91a3daec1e9f50e024aafcfa2247e7d44d91bb8d02fbc3f571b2d67f9d82642cc1d0f133d89
寰宇新聞台,https://pxuchylhjchl.us-east-1.clawcloudrun.com/index.m3u8?pid=litv-longturn14&sd=1080&proxy=false
寰宇新聞台,http://breezy-audrie-zspace-7524863c.koyeb.app/vipsir?token=leifeng&id=litv-longturn14
寰宇新聞台,https://tmxk.pp.ua/litv.php?token=tmxk&id=litv-longturn14
寰宇新聞台,http://xtvantsc.xyz/litv_ts.php?id=litv-longturn14
寰宇新聞台,https://edgeone.passwdword.xyz/ofiii.php?token=passwd&id=litv-longturn14
寰宇新聞台灣台,https://4gtv.dxjc.pp.ua/of-4gtv-4gtv156/index.m3u8
寰宇新聞台灣台,https://4gtv.dxjc.pp.ua/li-4gtv-4gtv156/index.m3u8
寰宇新聞台灣台,http://breezy-audrie-zspace-7524863c.koyeb.app/vipsir?token=leifeng&id=4gtv-4gtv156
寰宇新聞台灣台,https://pxuchylhjchl.us-east-1.clawcloudrun.com/index.m3u8?pid=4gtv-4gtv156&sd=1080&proxy=false
寰宇新聞台灣台,https://mao.ffmking888.dpdns.org/?id=5aaw5a6H5paw6IGe5Yaw54Gj5Yaw&auth=30234cedf871581989d3c91a3daec1e9f50e024aafcfa2247e7d44d91bb8d02fbc3f571b2d67f9d82642cc1d0f133d89
寰宇新聞台灣台,http://tw-ty-line-11-1-5.sudatech.store:20319/4gtv-4gtv156/index.m3u8?proxy=true
寰宇新聞台灣台,http://tw-ty-line-11-1-5.sudatech.store:20319/li-4gtv-4gtv156/index.m3u8?proxy=true
寰宇新聞台灣台,https://4gtv.dxjc.pp.ua/4gtv-4gtv156/index.m3u8
寰宇新聞台灣台,http://tw-ty-line-11-1-5.sudatech.store:20319/of-4gtv-4gtv156/index.m3u8?proxy=true
寰宇新聞台灣台,http://xtvantsc.xyz/litv_ts.php?id=4gtv-4gtv156
寰宇新聞台灣台,https://edgeone.passwdword.xyz/ofiii.php?token=passwd&id=4gtv-4gtv156
寰宇新聞台灣台,https://tmxk.pp.ua/litv.php?token=tmxk&id=4gtv-4gtv156
寰宇財經台,https://pxuchylhjchl.us-east-1.clawcloudrun.com/index.m3u8?pid=4gtv-4gtv158&sd=1080&proxy=false
寰宇財經台,https://edgeone.passwdword.xyz/ofiii.php?token=passwd&id=4gtv-4gtv158
寰宇財經台,http://xtvantsc.xyz/litv_ts.php?id=4gtv-4gtv158
半島國際新聞,http://breezy-audrie-zspace-7524863c.koyeb.app/vipsir?token=leifeng&id=litv-ftv10
非凡商業,http://breezy-audrie-zspace-7524863c.koyeb.app/vipsir?token=leifeng&id=4gtv-4gtv048
非凡商業,https://4gtv.dxjc.pp.ua/4gtv-4gtv048/index.m3u8
非凡商業,http://tw-ty-line-11-1-5.sudatech.store:20319/4gtv-4gtv048/index.m3u8?proxy=true
台視財經台,http://tw-ty-line-11-1-5.sudatech.store:20319/4gtv-4gtv056/index.m3u8?proxy=true
台視財經台,http://breezy-audrie-zspace-7524863c.koyeb.app/vipsir?token=leifeng&id=4gtv-4gtv056
台視財經台,https://4gtv.dxjc.pp.ua/4gtv-4gtv056/index.m3u8
第1商業台,http://breezy-audrie-zspace-7524863c.koyeb.app/vipsir?token=leifeng&id=4gtv-4gtv104
第1商業台,https://4gtv.dxjc.pp.ua/4gtv-4gtv104/index.m3u8
第1商業台,http://tw-ty-line-11-1-5.sudatech.store:20319/4gtv-4gtv104/index.m3u8?proxy=true
第1商業台,https://pxuchylhjchl.us-east-1.clawcloudrun.com/index.m3u8?pid=4gtv-4gtv104&sd=1080&proxy=false
第1商業台,https://4gtv.dxjc.pp.ua/li-4gtv-4gtv104/index.m3u8
第1商業台,http://tw-ty-line-11-1-5.sudatech.store:20319/li-4gtv-4gtv104/index.m3u8?proxy=true
第1商業台,http://xtvantsc.xyz/litv_ts.php?id=4gtv-4gtv104
第1商業台,https://edgeone.passwdword.xyz/ofiii.php?token=passwd&id=4gtv-4gtv104
第1商業台,https://tmxk.pp.ua/litv.php?token=tmxk&id=4gtv-4gtv104
靖天綜合台,https://mao.ffmking888.dpdns.org/?id=6Z2W5aSp57ac5ZCI5Yaw&auth=30234cedf871581989d3c91a3daec1e9f50e024aafcfa2247e7d44d91bb8d02fbc3f571b2d67f9d82642cc1d0f133d89
靖天綜合台,http://breezy-audrie-zspace-7524863c.koyeb.app/vipsir?token=leifeng&id=4gtv-4gtv046
靖天綜合台,https://tmxk.pp.ua/litv.php?token=tmxk&id=4gtv-4gtv046
靖天綜合台,http://xtvantsc.xyz/litv_ts.php?id=4gtv-4gtv046
靖天國際台,http://breezy-audrie-zspace-7524863c.koyeb.app/vipsir?token=leifeng&id=4gtv-4gtv063
靖天國際台,https://tmxk.pp.ua/litv.php?token=tmxk&id=4gtv-4gtv063
靖天國際台,http://xtvantsc.xyz/litv_ts.php?id=4gtv-4gtv063
靖天資訊台,https://mao.ffmking888.dpdns.org/?id=6Z2W5aSp6LOH6KiK5Yaw&auth=30234cedf871581989d3c91a3daec1e9f50e024aafcfa2247e7d44d91bb8d02fbc3f571b2d67f9d82642cc1d0f133d89
靖天資訊台,http://breezy-audrie-zspace-7524863c.koyeb.app/vipsir?token=leifeng&id=4gtv-4gtv065
靖天資訊台,http://xtvantsc.xyz/litv_ts.php?id=4gtv-4gtv065
靖天資訊台,https://tmxk.pp.ua/litv.php?token=tmxk&id=4gtv-4gtv065
靖天歡樂台,http://breezy-audrie-zspace-7524863c.koyeb.app/vipsir?token=leifeng&id=4gtv-4gtv054
靖天歡樂台,https://tmxk.pp.ua/litv.php?token=tmxk&id=4gtv-4gtv054
靖天歡樂台,http://xtvantsc.xyz/litv_ts.php?id=4gtv-4gtv054
靖天育樂台,http://breezy-audrie-zspace-7524863c.koyeb.app/vipsir?token=leifeng&id=4gtv-4gtv062
靖天育樂台,https://mao.ffmking888.dpdns.org/?id=6Z2W5aSp6IKy5qiC5Yaw&auth=30234cedf871581989d3c91a3daec1e9f50e024aafcfa2247e7d44d91bb8d02fbc3f571b2d67f9d82642cc1d0f133d89
靖天育樂台,http://xtvantsc.xyz/litv_ts.php?id=4gtv-4gtv062
靖天育樂台,https://tmxk.pp.ua/litv.php?token=tmxk&id=4gtv-4gtv062
靖天電影台,https://mao.ffmking888.dpdns.org/?id=6Z2W5aSp6Zu75b2x5Yaw&auth=30234cedf871581989d3c91a3daec1e9f50e024aafcfa2247e7d44d91bb8d02fbc3f571b2d67f9d82642cc1d0f133d89
靖天電影台,http://breezy-audrie-zspace-7524863c.koyeb.app/vipsir?token=leifeng&id=4gtv-4gtv061
靖天電影台,https://tmxk.pp.ua/litv.php?token=tmxk&id=4gtv-4gtv061
靖天電影台,http://xtvantsc.xyz/litv_ts.php?id=4gtv-4gtv061
靖天映畫台,https://4gtv.dxjc.pp.ua/li-4gtv-4gtv055/index.m3u8
靖天映畫台,http://breezy-audrie-zspace-7524863c.koyeb.app/vipsir?token=leifeng&id=4gtv-4gtv055
靖天映畫台,http://tw-ty-line-11-1-5.sudatech.store:20319/li-4gtv-4gtv055/index.m3u8?proxy=true
靖天映畫台,http://tw-ty-line-11-1-5.sudatech.store:20319/4gtv-4gtv055/index.m3u8?proxy=true
靖天映畫台,https://mao.ffmking888.dpdns.org/?id=6Z2W5aSp5pig55Wr&auth=30234cedf871581989d3c91a3daec1e9f50e024aafcfa2247e7d44d91bb8d02fbc3f571b2d67f9d82642cc1d0f133d89
靖天映畫台,https://4gtv.dxjc.pp.ua/4gtv-4gtv055/index.m3u8
靖天映畫台,http://xtvantsc.xyz/litv_ts.php?id=4gtv-4gtv055
靖天映畫台,https://tmxk.pp.ua/litv.php?token=tmxk&id=4gtv-4gtv055
靖天日本台,https://mao.ffmking888.dpdns.org/?id=6Z2W5aSp5pel5pys5Yaw&auth=30234cedf871581989d3c91a3daec1e9f50e024aafcfa2247e7d44d91bb8d02fbc3f571b2d67f9d82642cc1d0f133d89
靖天日本台,http://breezy-audrie-zspace-7524863c.koyeb.app/vipsir?token=leifeng&id=4gtv-4gtv047
靖天日本台,http://xtvantsc.xyz/litv_ts.php?id=4gtv-4gtv047
靖天日本台,https://tmxk.pp.ua/litv.php?token=tmxk&id=4gtv-4gtv047
靖天戲劇台,https://mao.ffmking888.dpdns.org/?id=6Z2W5aSp5oiy5YqH5Yaw&auth=30234cedf871581989d3c91a3daec1e9f50e024aafcfa2247e7d44d91bb8d02fbc3f571b2d67f9d82642cc1d0f133d89
靖天戲劇台,http://breezy-audrie-zspace-7524863c.koyeb.app/vipsir?token=leifeng&id=4gtv-4gtv058
靖天戲劇台,http://xtvantsc.xyz/litv_ts.php?id=4gtv-4gtv058
靖天戲劇台,https://tmxk.pp.ua/litv.php?token=tmxk&id=4gtv-4gtv058
靖天卡通台,http://breezy-audrie-zspace-7524863c.koyeb.app/vipsir?token=leifeng&id=4gtv-4gtv044
靖天卡通台,https://mao.ffmking888.dpdns.org/?id=6Z2W5aSp5Y2h6YCa5Yaw&auth=30234cedf871581989d3c91a3daec1e9f50e024aafcfa2247e7d44d91bb8d02fbc3f571b2d67f9d82642cc1d0f133d89
靖天卡通台,https://tmxk.pp.ua/litv.php?token=tmxk&id=4gtv-4gtv044
靖天卡通台,http://xtvantsc.xyz/litv_ts.php?id=4gtv-4gtv044
靖洋戲劇台,https://mao.ffmking888.dpdns.org/?id=6Z2W5rSL5oiy5YqH5Yaw&auth=30234cedf871581989d3c91a3daec1e9f50e024aafcfa2247e7d44d91bb8d02fbc3f571b2d67f9d82642cc1d0f133d89
靖洋戲劇台,http://breezy-audrie-zspace-7524863c.koyeb.app/vipsir?token=leifeng&id=4gtv-4gtv045
靖洋戲劇台,https://tmxk.pp.ua/litv.php?token=tmxk&id=4gtv-4gtv045
靖洋戲劇台,http://xtvantsc.xyz/litv_ts.php?id=4gtv-4gtv045
靖洋卡通台,http://breezy-audrie-zspace-7524863c.koyeb.app/vipsir?token=leifeng&id=4gtv-4gtv057
靖洋卡通台,https://tmxk.pp.ua/litv.php?token=tmxk&id=4gtv-4gtv057
靖洋卡通台,http://xtvantsc.xyz/litv_ts.php?id=4gtv-4gtv057
龍華卡通台,https://pxuchylhjchl.us-east-1.clawcloudrun.com/index.m3u8?pid=litv-longturn01&sd=1080&proxy=false
龍華卡通台,http://breezy-audrie-zspace-7524863c.koyeb.app/vipsir?token=leifeng&id=litv-longturn01
龍華卡通台,http://xtvantsc.xyz/litv_ts.php?id=litv-longturn01
龍華卡通台,https://edgeone.passwdword.xyz/ofiii.php?token=passwd&id=litv-longturn01
龍華戲劇台,https://pxuchylhjchl.us-east-1.clawcloudrun.com/index.m3u8?pid=litv-longturn18&sd=1080&proxy=false
龍華戲劇台,http://breezy-audrie-zspace-7524863c.koyeb.app/vipsir?token=leifeng&id=litv-longturn18
龍華戲劇台,https://edgeone.passwdword.xyz/ofiii.php?token=passwd&id=litv-longturn18
龍華戲劇台,http://xtvantsc.xyz/litv_ts.php?id=litv-longturn18
龍華日韓台,https://pxuchylhjchl.us-east-1.clawcloudrun.com/index.m3u8?pid=litv-longturn11&sd=1080&proxy=false
龍華日韓台,http://breezy-audrie-zspace-7524863c.koyeb.app/vipsir?token=leifeng&id=litv-longturn11
龍華日韓台,http://xtvantsc.xyz/litv_ts.php?id=litv-longturn11
龍華日韓台,https://edgeone.passwdword.xyz/ofiii.php?token=passwd&id=litv-longturn11
龍華偶像台,https://pxuchylhjchl.us-east-1.clawcloudrun.com/index.m3u8?pid=litv-longturn12&sd=1080&proxy=false
龍華偶像台,http://breezy-audrie-zspace-7524863c.koyeb.app/vipsir?token=leifeng&id=litv-longturn12
龍華偶像台,https://edgeone.passwdword.xyz/ofiii.php?token=passwd&id=litv-longturn12
龍華偶像台,http://xtvantsc.xyz/litv_ts.php?id=litv-longturn12
龍華經典台,https://pxuchylhjchl.us-east-1.clawcloudrun.com/index.m3u8?pid=litv-longturn21&sd=1080&proxy=false
龍華經典台,http://breezy-audrie-zspace-7524863c.koyeb.app/vipsir?token=leifeng&id=litv-longturn21
龍華經典台,http://xtvantsc.xyz/litv_ts.php?id=litv-longturn21
龍華經典台,https://edgeone.passwdword.xyz/ofiii.php?token=passwd&id=litv-longturn21
龍華電影台,http://breezy-audrie-zspace-7524863c.koyeb.app/vipsir?token=leifeng&id=litv-longturn03
龍華電影台,https://pxuchylhjchl.us-east-1.clawcloudrun.com/index.m3u8?pid=litv-longturn03&sd=1080&proxy=false
龍華電影台,https://edgeone.passwdword.xyz/ofiii.php?token=passwd&id=litv-longturn03
龍華電影台,http://xtvantsc.xyz/litv_ts.php?id=litv-longturn03
龍華洋片台,https://pxuchylhjchl.us-east-1.clawcloudrun.com/index.m3u8?pid=litv-longturn02&sd=1080&proxy=false
龍華洋片台,http://breezy-audrie-zspace-7524863c.koyeb.app/vipsir?token=leifeng&id=litv-longturn02
龍華洋片台,https://edgeone.passwdword.xyz/ofiii.php?token=passwd&id=litv-longturn02
影迷數位電影台,http://breezy-audrie-zspace-7524863c.koyeb.app/vipsir?token=leifeng&id=4gtv-4gtv011
影迷數位電影台,https://4gtv.dxjc.pp.ua/4gtv-4gtv011/index.m3u8
影迷數位電影台,http://tw-ty-line-11-1-5.sudatech.store:20319/li-4gtv-4gtv011/index.m3u8?proxy=true
影迷數位電影台,https://mao.ffmking888.dpdns.org/?id=5b2x6La35pW45L2N6Zu75b2x5Yaw&auth=30234cedf871581989d3c91a3daec1e9f50e024aafcfa2247e7d44d91bb8d02fbc3f571b2d67f9d82642cc1d0f133d89
影迷數位電影台,https://4gtv.dxjc.pp.ua/li-4gtv-4gtv011/index.m3u8
影迷數位電影台,http://tw-ty-line-11-1-5.sudatech.store:20319/4gtv-4gtv011/index.m3u8?proxy=true
影迷數位電影台,https://tmxk.pp.ua/litv.php?token=tmxk&id=4gtv-4gtv011
影迷數位電影台,http://xtvantsc.xyz/litv_ts.php?id=4gtv-4gtv011
影迷數位紀實台,https://mao.ffmking888.dpdns.org/?id=5b2x6La35pW45L2N57SA5aam5Yaw&auth=30234cedf871581989d3c91a3daec1e9f50e024aafcfa2247e7d44d91bb8d02fbc3f571b2d67f9d82642cc1d0f133d89
影迷數位紀實台,http://tw-ty-line-11-1-5.sudatech.store:20319/litv-ftv15/index.m3u8?proxy=true
影迷數位紀實台,http://tw-ty-line-11-1-5.sudatech.store:20319/li-litv-ftv15/index.m3u8?proxy=true
影迷數位紀實台,https://4gtv.dxjc.pp.ua/li-litv-ftv15/index.m3u8
影迷數位紀實台,https://4gtv.dxjc.pp.ua/litv-ftv15/index.m3u8
amc電影台,http://breezy-audrie-zspace-7524863c.koyeb.app/vipsir?token=leifeng&id=4gtv-4gtv017
amc電影台,https://mao.ffmking888.dpdns.org/?id=YW1j6Zu75b2x5Yaw&auth=30234cedf871581989d3c91a3daec1e9f50e024aafcfa2247e7d44d91bb8d02fbc3f571b2d67f9d82642cc1d0f133d89
amc電影台,https://tmxk.pp.ua/litv.php?token=tmxk&id=4gtv-4gtv017
八大精彩台,https://4gtv.dxjc.pp.ua/4gtv-4gtv034/index.m3u8
八大精彩台,http://tw-ty-line-11-1-5.sudatech.store:20319/4gtv-4gtv034/index.m3u8?proxy=true
八大精彩台,https://4gtv.dxjc.pp.ua/li-4gtv-4gtv034/index.m3u8
八大精彩台,http://tw-ty-line-11-1-5.sudatech.store:20319/li-4gtv-4gtv034/index.m3u8?proxy=true
八大精彩台,https://mao.ffmking888.dpdns.org/?id=5YWr5aSn57Ka5b2p5Yaw&auth=30234cedf871581989d3c91a3daec1e9f50e024aafcfa2247e7d44d91bb8d02fbc3f571b2d67f9d82642cc1d0f133d89
八大精彩台,http://breezy-audrie-zspace-7524863c.koyeb.app/vipsir?token=leifeng&id=4gtv-4gtv034
八大精彩台,http://xtvantsc.xyz/litv_ts.php?id=4gtv-4gtv034
八大精彩台,https://tmxk.pp.ua/litv.php?token=tmxk&id=4gtv-4gtv034
八大精彩台,http://udinlaw.sytes.net:8000/scripts/4gtv/index.php?id=4gtv-4gtv034
八大精彩台,https://iptv.vip-tptv.xyz/litv.php?id=4gtv-4gtv034
八大綜藝台,https://mao.ffmking888.dpdns.org/?id=5YWr5aSn57ac6Jed5Yaw&auth=30234cedf871581989d3c91a3daec1e9f50e024aafcfa2247e7d44d91bb8d02fbc3f571b2d67f9d82642cc1d0f133d89
八大綜藝台,http://tw-ty-line-11-1-5.sudatech.store:20319/4gtv-4gtv039/index.m3u8?proxy=true
八大綜藝台,http://breezy-audrie-zspace-7524863c.koyeb.app/vipsir?token=leifeng&id=4gtv-4gtv039
八大綜藝台,https://4gtv.dxjc.pp.ua/li-4gtv-4gtv039/index.m3u8
八大綜藝台,http://tw-ty-line-11-1-5.sudatech.store:20319/li-4gtv-4gtv039/index.m3u8?proxy=true
八大綜藝台,https://4gtv.dxjc.pp.ua/4gtv-4gtv039/index.m3u8
八大綜藝台,http://xtvantsc.xyz/litv_ts.php?id=4gtv-4gtv039
八大綜藝台,https://tmxk.pp.ua/litv.php?token=tmxk&id=4gtv-4gtv039
公視戲劇台,http://breezy-audrie-zspace-7524863c.koyeb.app/vipsir?token=leifeng&id=4gtv-4gtv042
公視戲劇台,https://4gtv.dxjc.pp.ua/4gtv-4gtv042/index.m3u8
公視戲劇台,https://4gtv.dxjc.pp.ua/li-4gtv-4gtv042/index.m3u8
公視戲劇台,http://tw-ty-line-11-1-5.sudatech.store:20319/4gtv-4gtv042/index.m3u8?proxy=true
公視戲劇台,http://tw-ty-line-11-1-5.sudatech.store:20319/li-4gtv-4gtv042/index.m3u8?proxy=true
公視戲劇台,https://mao.ffmking888.dpdns.org/?id=5YWs6KaW5oiy5YqH&auth=30234cedf871581989d3c91a3daec1e9f50e024aafcfa2247e7d44d91bb8d02fbc3f571b2d67f9d82642cc1d0f133d89
公視戲劇台,http://xtvantsc.xyz/litv_ts.php?id=4gtv-4gtv042
公視戲劇台,https://tmxk.pp.ua/litv.php?token=tmxk&id=4gtv-4gtv042
台灣戲劇台,http://breezy-audrie-zspace-7524863c.koyeb.app/vipsir?token=leifeng&id=litv-longturn22
台灣戲劇台,https://pxuchylhjchl.us-east-1.clawcloudrun.com/index.m3u8?pid=litv-longturn22&sd=1080&proxy=false
台灣戲劇台,http://tw-ty-line-11-1-5.sudatech.store:20319/li-litv-longturn22/index.m3u8?proxy=true
台灣戲劇台,https://4gtv.dxjc.pp.ua/litv-longturn22/index.m3u8
台灣戲劇台,https://4gtv.dxjc.pp.ua/li-litv-longturn22/index.m3u8
台灣戲劇台,http://tw-ty-line-11-1-5.sudatech.store:20319/litv-longturn22/index.m3u8?proxy=true
台灣戲劇台,https://tmxk.pp.ua/litv.php?token=tmxk&id=litv-longturn22
台灣戲劇台,http://xtvantsc.xyz/litv_ts.php?id=litv-longturn22
台灣戲劇台,https://edgeone.passwdword.xyz/ofiii.php?token=passwd&id=litv-longturn22
采昌影劇台,https://mao.ffmking888.dpdns.org/?id=6YeH5piM5b2x5YqH5Yaw&auth=30234cedf871581989d3c91a3daec1e9f50e024aafcfa2247e7d44d91bb8d02fbc3f571b2d67f9d82642cc1d0f133d89
采昌影劇台,http://breezy-audrie-zspace-7524863c.koyeb.app/vipsir?token=leifeng&id=4gtv-4gtv049
采昌影劇台,http://xtvantsc.xyz/litv_ts.php?id=4gtv-4gtv049
采昌影劇台,https://tmxk.pp.ua/litv.php?token=tmxk&id=4gtv-4gtv049
ELTV娛樂,http://breezy-audrie-zspace-7524863c.koyeb.app/vipsir?token=leifeng&id=4gtv-4gtv070
ELTV娛樂,https://mao.ffmking888.dpdns.org/?id=5oSb54ia6YGU5aib5qiC5Yaw&auth=30234cedf871581989d3c91a3daec1e9f50e024aafcfa2247e7d44d91bb8d02fbc3f571b2d67f9d82642cc1d0f133d89
ELTA生活旅遊,http://tw-ty-line-11-1-5.sudatech.store:20319/4gtv-live120/index.m3u8?proxy=true
ELTA生活旅遊,https://4gtv.dxjc.pp.ua/4gtv-live120/index.m3u8
ELTV生活英語台,https://4gtv.dxjc.pp.ua/li-litv-longturn20/index.m3u8
ELTV生活英語台,https://4gtv.dxjc.pp.ua/of-litv-longturn20/index.m3u8
ELTV生活英語台,http://tw-ty-line-11-1-5.sudatech.store:20319/li-litv-longturn20/index.m3u8?proxy=true
ELTV生活英語台,http://tw-ty-line-11-1-5.sudatech.store:20319/of-litv-longturn20/index.m3u8?proxy=true
ELTV生活英語台,https://mao.ffmking888.dpdns.org/?id=RUxUVueUnaa0uaiLseiqnuWPsAxx&auth=30234cedf871581989d3c91a3daec1e9f50e024aafcfa2247e7d44d91bb8d02fbc3f571b2d67f9d82642cc1d0f133d89
ELTV生活英語台,https://pxuchylhjchl.us-east-1.clawcloudrun.com/index.m3u8?pid=litv-longturn20&sd=1080&proxy=false
ELTV生活英語台,https://4gtv.dxjc.pp.ua/litv-longturn20/index.m3u8
ELTV生活英語台,http://tw-ty-line-11-1-5.sudatech.store:20319/litv-longturn20/index.m3u8?proxy=true
ELTV生活英語台,https://edgeone.passwdword.xyz/ofiii.php?token=passwd&id=litv-longturn20
視納華仁紀實,http://breezy-audrie-zspace-7524863c.koyeb.app/vipsir?token=leifeng&id=4gtv-4gtv013
視納華仁紀實,https://tmxk.pp.ua/litv.php?token=tmxk&id=4gtv-4gtv013
亞洲旅遊台,http://breezy-audrie-zspace-7524863c.koyeb.app/vipsir?token=leifeng&id=4gtv-4gtv076
亞洲旅遊台,https://pxuchylhjchl.us-east-1.clawcloudrun.com/index.m3u8?pid=4gtv-4gtv076&sd=1080&proxy=false
亞洲旅遊台,https://mao.ffmking888.dpdns.org/?id=5Lqe5rSy5peF6YGK5Yaw&auth=30234cedf871581989d3c91a3daec1e9f50e024aafcfa2247e7d44d91bb8d02fbc3f571b2d67f9d82642cc1d0f133d89
亞洲旅遊台,http://xtvantsc.xyz/litv_ts.php?id=4gtv-4gtv076
亞洲旅遊台,https://tmxk.pp.ua/litv.php?token=tmxk&id=4gtv-4gtv076
亞洲旅遊台,https://edgeone.passwdword.xyz/ofiii.php?token=passwd&id=4gtv-4gtv076
達文西頻道,https://mao.ffmking888.dpdns.org/?id=6YGU5paH6KWz6aC76YGT&auth=30234cedf871581989d3c91a3daec1e9f50e024aafcfa2247e7d44d91bb8d02fbc3f571b2d67f9d82642cc1d0f133d89
達文西頻道,http://breezy-audrie-zspace-7524863c.koyeb.app/vipsir?token=leifeng&id=4gtv-4gtv018
達文西頻道,http://xtvantsc.xyz/litv_ts.php?id=4gtv-4gtv018
達文西頻道,https://tmxk.pp.ua/litv.php?token=tmxk&id=4gtv-4gtv018
Smart知識台,https://pxuchylhjchl.us-east-1.clawcloudrun.com/index.m3u8?pid=litv-longturn19&sd=1080&proxy=false
Smart知識台,http://tw-ty-line-11-1-5.sudatech.store:20319/li-litv-longturn19/index.m3u8?proxy=true
Smart知識台,https://4gtv.dxjc.pp.ua/litv-longturn19/index.m3u8
Smart知識台,http://breezy-audrie-zspace-7524863c.koyeb.app/vipsir?token=leifeng&id=litv-longturn19
Smart知識台,https://4gtv.dxjc.pp.ua/li-litv-longturn19/index.m3u8
Smart知識台,http://tw-ty-line-11-1-5.sudatech.store:20319/litv-longturn19/index.m3u8?proxy=true
Smart知識台,https://tmxk.pp.ua/litv.php?token=tmxk&id=litv-longturn19
Smart知識台,http://xtvantsc.xyz/litv_ts.php?id=litv-longturn19
Smart知識台,https://edgeone.passwdword.xyz/ofiii.php?token=passwd&id=litv-longturn19
豬哥亮歌廳秀,https://mao.ffmking888.dpdns.org/?id=6LGs5ZOl5Lqu5q2M5buz56eA&auth=30234cedf871581989d3c91a3daec1e9f50e024aafcfa2247e7d44d91bb8d02fbc3f571b2d67f9d82642cc1d0f133d89
豬哥亮歌廳秀,https://4gtv.dxjc.pp.ua/li-4gtv-4gtv006/index.m3u8
豬哥亮歌廳秀,http://tw-ty-line-11-1-5.sudatech.store:20319/li-4gtv-4gtv006/index.m3u8?proxy=true
豬哥亮歌廳秀,http://tw-ty-line-11-1-5.sudatech.store:20319/4gtv-4gtv006/index.m3u8?proxy=true
豬哥亮歌廳秀,https://4gtv.dxjc.pp.ua/4gtv-4gtv006/index.m3u8
豬哥亮歌廳秀,http://breezy-audrie-zspace-7524863c.koyeb.app/vipsir?token=leifeng&id=4gtv-4gtv006
豬哥亮歌廳秀,https://tmxk.pp.ua/litv.php?token=tmxk&id=4gtv-4gtv006
豬哥亮歌廳秀,http://xtvantsc.xyz/litv_ts.php?id=4gtv-4gtv006
美國之音,http://breezy-audrie-zspace-7524863c.koyeb.app/vipsir?token=leifeng&id=litv-ftv03
美國之音,https://tmxk.pp.ua/litv.php?token=tmxk&id=litv-ftv03
時尚運動X,https://4gtv.dxjc.pp.ua/4gtv-4gtv014/index.m3u8
時尚運動X,https://4gtv.dxjc.pp.ua/li-4gtv-4gtv014/index.m3u8
時尚運動X,https://mao.ffmking888.dpdns.org/?id=5pmC5bCa6YGL5YuVWAxx&auth=30234cedf871581989d3c91a3daec1e9f50e024aafcfa2247e7d44d91bb8d02fbc3f571b2d67f9d82642cc1d0f133d89
時尚運動X,http://tw-ty-line-11-1-5.sudatech.store:20319/li-4gtv-4gtv014/index.m3u8?proxy=true
時尚運動X,http://tw-ty-line-11-1-5.sudatech.store:20319/4gtv-4gtv014/index.m3u8?proxy=true
時尚運動X,http://breezy-audrie-zspace-7524863c.koyeb.app/vipsir?token=leifeng&id=4gtv-4gtv014
時尚運動X,https://tmxk.pp.ua/litv.php?token=tmxk&id=4gtv-4gtv014
時尚運動X,http://xtvantsc.xyz/litv_ts.php?id=4gtv-4gtv014
GINXEsportsTV,http://breezy-audrie-zspace-7524863c.koyeb.app/vipsir?token=leifeng&id=4gtv-4gtv053
智林體育台,https://mao.ffmking888.dpdns.org/?id=5pm65p6X6auU6IKy5Yaw&auth=30234cedf871581989d3c91a3daec1e9f50e024aafcfa2247e7d44d91bb8d02fbc3f571b2d67f9d82642cc1d0f133d89
智林體育台,http://breezy-audrie-zspace-7524863c.koyeb.app/vipsir?token=leifeng&id=4gtv-4gtv101
智林體育台,http://xtvantsc.xyz/litv_ts.php?id=4gtv-4gtv101
智林體育台,https://tmxk.pp.ua/litv.php?token=tmxk&id=4gtv-4gtv101
博斯魅力,http://breezy-audrie-zspace-7524863c.koyeb.app/vipsir?token=leifeng&id=litv-longturn04
博斯魅力,https://4gtv.dxjc.pp.ua/litv-longturn04/index.m3u8
博斯魅力,http://tw-ty-line-11-1-5.sudatech.store:20319/litv-longturn04/index.m3u8?proxy=true
博斯魅力,https://tmxk.pp.ua/litv.php?token=tmxk&id=litv-longturn04
博斯高球1,http://breezy-audrie-zspace-7524863c.koyeb.app/vipsir?token=leifeng&id=litv-longturn05
博斯高球1,https://tmxk.pp.ua/litv.php?token=tmxk&id=litv-longturn05
博斯高球2,http://breezy-audrie-zspace-7524863c.koyeb.app/vipsir?token=leifeng&id=litv-longturn06
博斯高球2,https://tmxk.pp.ua/litv.php?token=tmxk&id=litv-longturn06
博斯高球2,http://xtvantsc.xyz/litv_ts.php?id=litv-longturn06
博斯運動1,http://breezy-audrie-zspace-7524863c.koyeb.app/vipsir?token=leifeng&id=litv-longturn07
博斯運動1,http://xtvantsc.xyz/litv_ts.php?id=litv-longturn07
博斯運動1,https://tmxk.pp.ua/litv.php?token=tmxk&id=litv-longturn07
博斯運動2,http://breezy-audrie-zspace-7524863c.koyeb.app/vipsir?token=leifeng&id=litv-longturn08
博斯運動2,https://tmxk.pp.ua/litv.php?token=tmxk&id=litv-longturn08
博斯運動2,http://xtvantsc.xyz/litv_ts.php?id=litv-longturn08
博斯網球1,http://breezy-audrie-zspace-7524863c.koyeb.app/vipsir?token=leifeng&id=litv-longturn09
博斯無限1,http://breezy-audrie-zspace-7524863c.koyeb.app/vipsir?token=leifeng&id=litv-longturn10
博斯無限2,http://breezy-audrie-zspace-7524863c.koyeb.app/vipsir?token=leifeng&id=litv-longturn13
博斯無限2,http://xtvantsc.xyz/litv_ts.php?id=litv-longturn13
博斯無限2,https://tmxk.pp.ua/litv.php?token=tmxk&id=litv-longturn13
橙記Orange丶4549169,https://live.ottiptv.cc/douyu/4549169
baby丶贝贝431460,https://live.ottiptv.cc/douyu/431460
怡宝妹妹丶434971,https://live.ottiptv.cc/douyu/434971
Poison丶冰冰74374,https://live.ottiptv.cc/douyu/74374
龍組队长天昊1487654,https://live.ottiptv.cc/douyu/1487654
竹叶的熊猫3870925,https://live.ottiptv.cc/douyu/3870925
Only丶邵氏4246519,https://live.ottiptv.cc/douyu/4246519
苹果Zei妖2793084,https://live.ottiptv.cc/douyu/2793084
苹果Zei甜1174353,https://live.ottiptv.cc/douyu/1174353
永远快乐的小美女6091425,https://live.ottiptv.cc/douyu/6091425
mn静静nm5668371,https://live.ottiptv.cc/douyu/5668371
网神影厅508118,https://live.ottiptv.cc/douyu/508118
网神影厅508118,http://zzy789.xyz/douyu1.php?id=508118
一把钢刀镇斗虞7356023,https://live.ottiptv.cc/douyu/7356023
我砸晕了牛顿奥1218414,https://live.ottiptv.cc/douyu/1218414
过往1908 8721095,https://live.ottiptv.cc/douyu/8721095
草帽丶海贼团997925,https://live.ottiptv.cc/douyu/997925
粤语电影丶1226741,https://live.ottiptv.cc/douyu/1226741
蕃薯粥粥煮好了11878141,https://live.ottiptv.cc/douyu/11878141
萌小鬼3928,https://live.ottiptv.cc/douyu/3928
当铁手团遇到光复社5875025,https://live.ottiptv.cc/douyu/5875025
贾贵队长真男神299854,https://live.ottiptv.cc/douyu/299854
懒猫是只喵260322,https://live.ottiptv.cc/douyu/260322
智仗心5635000,https://live.ottiptv.cc/douyu/5635000
师落6911044,https://live.ottiptv.cc/douyu/6911044
单纯的顺才少爷10084875,https://live.ottiptv.cc/douyu/10084875
聚聚聚一个月4105989,https://live.ottiptv.cc/douyu/4105989
万事通熊猫7812810,https://live.ottiptv.cc/douyu/7812810
米尼影院7642724,https://live.ottiptv.cc/douyu/7642724
网神影厅508118,https://live.ottiptv.cc/douyu/508118
网神影厅508118,http://zzy789.xyz/douyu1.php?id=508118
伊太刀刀747764,https://live.ottiptv.cc/douyu/747764
小毅主播q6906628,https://live.ottiptv.cc/douyu/6906628
小毅主播e11851549,https://live.ottiptv.cc/douyu/11851549
奇光主播8009547,https://live.ottiptv.cc/douyu/8009547
奇光主播e11849873,https://live.ottiptv.cc/douyu/11849873
奇光主播q12560807,https://live.ottiptv.cc/douyu/12560807
牛叔说电影2758565,https://live.ottiptv.cc/douyu/2758565
周星星,https://live.ottiptv.cc/huya/11342412
涂涂观影团,https://live.ottiptv.cc/huya/30513350
萌萌小桃子,https://live.ottiptv.cc/huya/29807256
相识不可缓也,https://live.ottiptv.cc/huya/30984527
集梦-邯郸电影院,https://live.ottiptv.cc/huya/25132009
影迷心公社,https://live.ottiptv.cc/huya/30522289
7喜先生,https://live.ottiptv.cc/huya/11342421
2026-01-04 06:41:32,https://kakaxi-1.asia/LOGO/Disclaimer.mp4
沐希兔子,https://live.ottiptv.cc/huya/29835225
CCTV4欧洲,http://115.58.216.71:4000/rtp/225.1.5.31:1342$河南联通11
都爱看,https://live.ottiptv.cc/huya/26058097
AMC 電影台,http://220.134.196.147:8521/http/61.219.99.20:8092/upload/115/AMC_TS-1111_1.m3u8
CCTV4欧洲,http://144.255.32.146:8288/udp/239.21.2.28:5002$山东电信11
古惑仔,https://yylunbo.ottiptv.cc/yy/1458015189
AXN,http://220.134.196.147:8526/http/61.219.99.20:8081/hls/71/813/ch43.m3u8
CCTV4欧洲,http://111.113.88.146:2000/rtp/239.121.4.123:8000$宁夏电信11
港片 喜剧 动作,https://yylunbo.ottiptv.cc/yy/1355480591
CINEMAX HD,http://220.134.196.147:8535/http/61.219.99.20:8081/hls/71/813/ch42.m3u8
00s Replay,http://cfd-v4-service-channel-stitcher-use1-1.prd.pluto.tv/stitch/hls/channel/62ba60f059624e000781c436/master.m3u8?appName=web&appVersion=unknown&clientTime=0&deviceDNT=0&deviceId=6c25e430-30d3-11ef-9cf5-e9ddff8ff496&deviceMake=Chrome&deviceModel=web&deviceType=web&deviceVersion=unknown&includeExtendedEvents=false&serverSideAds=false&sid=1b7de8e4-d114-4438-b098-6f7aee77b4be
CCTV4欧洲,http://121.29.141.237:4022/rtp/239.253.93.192:6370$河北联通11
【周星驰】搞笑电影,https://yylunbo.ottiptv.cc/yy/38670875
DAZN 1,http://220.134.196.147:9120/http/59.120.8.187:8078/hls/25/80/esport.m3u8
1-2-3 TV (270p),https://123tv-mx1.flex-cdn.net/index.m3u8
CCTV4欧洲,http://114.254.34.19:18888/rtp/239.3.1.213:4220$北京联通21
恐怖电影,https://yylunbo.ottiptv.cc/yy/24066336
DAZN 2,http://220.134.196.147:9119/http/59.120.8.187:8078/hls/26/80/esport2.m3u8
1Almere TV (720p),https://d3472rjicrodic.cloudfront.net/nlpo/clr-nlpo/709d5260/index.m3u8
CCTV4欧洲,http://106.59.2.153:55555/rtp/239.200.201.180:4220$云南电信21
林正英经典,https://yylunbo.ottiptv.cc/yy/1351505899
DISCOVERY,http://220.134.196.147:8516/http/61.219.99.20:8081/hls/71/813/ch44.m3u8
1KZN TV (576p),https://cdn.freevisiontv.co.za/sttv/smil:1kzn.stream.smil/playlist.m3u8
CCTV4美洲,http://115.58.216.71:4000/rtp/225.1.5.32:1343$河南联通11
经典电影重温,https://yylunbo.ottiptv.cc/yy/1382793140
momo綜合台,http://220.134.196.147:8575/http/59.120.8.187:8081/hls/76/818/momo_max.m3u8
1Music Channel Hungary (576p),http://1music.hu/1music.m3u8
CCTV4美洲,http://111.113.88.146:2000/rtp/239.121.4.124:8002$宁夏电信11
超清鬼片 港片,https://yylunbo.ottiptv.cc/yy/1335509613
MUCH TV,http://220.134.196.147:8530/http/61.219.99.20:8081/hls/72/814/ch45.m3u8
1TV (720p),https://tv.cdn.xsg.ge/gpb-1tv/index.m3u8
CCTV4美洲,http://121.29.141.237:4022/rtp/239.253.93.193:6371$河北联通11
鬼片喜剧动作港剧,https://yylunbo.ottiptv.cc/yy/1355269576
TVBS HD,http://220.134.196.147:8570/http/61.219.99.20:8081/hls/75/817/ch58.m3u8
1Twente TV (1080p),https://ms7.mx-cd.net/dtv-11/198-989148/1Twente_TV.smil/chunklist_w954512639_b4292608_slNLD.m3u8
CCTV4美洲,http://114.254.34.19:18888/rtp/239.3.1.214:4220$北京联通21
绝地求生,https://live.ottiptv.cc/douyu/100
TVBS新聞HD,http://220.134.196.147:8542/http/61.219.99.20:8081/hls/75/817/ch59.m3u8
2GB Sydney (1080p),https://2gblive.akamaized.net/hls/live/2033805/2GB/index.m3u8
CCTV4美洲,http://106.59.2.153:55555/rtp/239.200.201.181:4220$云南电信21
云顶之弈,https://live.ottiptv.cc/douyu/522423
TVBS歡樂HD,http://220.134.196.147:8522/http/61.219.99.20:8081/hls/65/807/ch17.m3u8
2M Monde +1 (1080p),https://d2qh3gh0k5vp3v.cloudfront.net/v1/master/3722c60a815c199d9c0ef36c5b73da68a62b09d1/cc-n6pess5lwbghr/2M_ES.m3u8
兵器科技,http://113.119.25.53:58888/udp/239.253.43.9:5146$广东电信11
CF穿越火线,https://live.ottiptv.cc/douyu/5388537
八大第一HD,http://220.134.196.147:8505/http/61.219.99.20:8081/hls/66/808/ch22.m3u8
2STV,http://69.64.57.208/2stv/playlist.m3u8
兵器科技,http://114.100.195.41:4022/rtp/238.1.79.56:4584$安徽电信11
cs go,https://live.ottiptv.cc/douyu/601514
八大綜合HD,http://220.134.196.147:8518/http/61.219.99.20:8081/hls/66/808/ch21.m3u8
2TV (720p),https://tv.cdn.xsg.ge/gpb-2tv/index.m3u8
兵器科技,http://121.29.141.237:4022/rtp/239.253.93.47:6435$河北联通11
和平精英,https://live.ottiptv.cc/douyu/999
八大戲劇HD,http://220.134.196.147:8552/http/61.219.99.20:8081/hls/66/808/ch23.m3u8
2x2 (1080p),https://liveovh011.cda.pl/enc117/2x2hdraw/2x2hdraw.m3u8
兵器科技,http://111.162.204.145:8686/rtp/225.1.2.166:5002$天津联通11
DOTA2,https://live.ottiptv.cc/douyu/3811559
三立台灣HD,http://220.134.196.147:8513/http/61.219.99.20:8081/hls/65/807/ch20.m3u8
2х2 [Geo-blocked],https://zabava-htlive.cdn.ngenix.net/hls/CH_2X2/variant.m3u8
极限电影台,http://z88.ubtvfans.com/live/rx3/405/f95ccfd8607fa48ca5046c0970bdfb7c/index.m3u8
兵器科技,http://114.107.47.54:8188/rtp/238.1.79.56:4584$安徽电信21
跑跑卡丁车,https://live.ottiptv.cc/douyu/7722576
三立都會HD,http://220.134.196.147:8503/http/61.219.99.20:8081/hls/65/807/ch19.m3u8
3ABN Canada,https://3abn.bozztv.com/3abncanada/3ABN/master.m3u8
驚豔台,http://15.204.105.50:25461/live/G2s9zK2n9m/xDtwVfWM8T/85.ts
兵器科技,http://106.59.2.153:55555/rtp/239.200.200.91:8036$云南电信21
跑跑卡丁车手游,https://live.ottiptv.cc/douyu/6672862
三立新聞HD,http://220.134.196.147:8541/http/61.219.99.20:8081/hls/65/807/ch18.m3u8
3ABN Dare To Dream Network,https://3abn.bozztv.com/3abn2/d2d_live/smil:d2d_live.smil/playlist.m3u8
潘朵啦玩美,http://15.204.105.50:25461/live/G2s9zK2n9m/xDtwVfWM8T/86.ts
风云音乐,http://113.119.25.53:58888/udp/239.253.43.6:5146$广东电信11
